<?xml version="1.0" encoding="UTF-8"?>
<!-- Generated by org.testng.reporters.JUnitReportReporter -->
<testsuite hostname="DESKTOP-TM236BS" failures="0" tests="1" name="com.sample.productTest.Classictest" time="0.004" errors="0" timestamp="2021-05-09T15:43:14 IST" skipped="0">
  <testcase classname="com.sample.productTest.Classictest" name="testing" time="0.004"/>
  <system-out/>
</testsuite> <!-- com.sample.productTest.Classictest -->
